\BOOKMARK [1][-]{section*.2}{Who we are}{}% 1
\BOOKMARK [1][-]{section*.3}{Our Homework}{}% 2
\BOOKMARK [1][-]{section*.4}{Work Plannig}{}% 3
\BOOKMARK [1][-]{section*.5}{Study Of The Domain}{}% 4
\BOOKMARK [1][-]{section*.6}{Our Vision Of The Domain}{}% 5
\BOOKMARK [1][-]{section*.7}{Stakeholders}{}% 6
\BOOKMARK [1][-]{section*.8}{Use Cases Diagram}{}% 7
\BOOKMARK [2][-]{subsection*.9}{StartUp Sampling Water Use Case}{section*.8}% 8
\BOOKMARK [2][-]{subsection*.10}{Send Water Samples To Analysis Center Use Case}{section*.8}% 9
\BOOKMARK [2][-]{subsection*.11}{Check Water Quality Use Case}{section*.8}% 10
\BOOKMARK [2][-]{subsection*.12}{StartUp Solution Protocol Use Case}{section*.8}% 11
\BOOKMARK [2][-]{subsection*.13}{Retrieve Water Information Use Case}{section*.8}% 12
\BOOKMARK [1][-]{section*.14}{Drowing-Up Of The Profile}{}% 13
\BOOKMARK [2][-]{subsection*.15}{Water Sample Profile}{section*.14}% 14
\BOOKMARK [2][-]{subsection*.16}{Water Quality Supervisor Profile}{section*.14}% 15
\BOOKMARK [2][-]{subsection*.17}{Sample Supervisor Profile}{section*.14}% 16
\BOOKMARK [2][-]{subsection*.18}{Quality Control Supervisor Profile}{section*.14}% 17
\BOOKMARK [2][-]{subsection*.19}{Water Parametres Profile}{section*.14}% 18
\BOOKMARK [2][-]{subsection*.20}{Outgoing Water Quality Warning Profile}{section*.14}% 19
\BOOKMARK [2][-]{subsection*.21}{Inlet Water Quality Warning Profile}{section*.14}% 20
\BOOKMARK [2][-]{subsection*.22}{Magikarp Profile}{section*.14}% 21
\BOOKMARK [2][-]{subsection*.23}{SeaweedPicking Profile}{section*.14}% 22
\BOOKMARK [2][-]{subsection*.24}{Water Sampler Profile}{section*.14}% 23
\BOOKMARK [2][-]{subsection*.25}{Water Analyzer Profile}{section*.14}% 24
\BOOKMARK [1][-]{section*.26}{Our Purification System}{}% 25
\BOOKMARK [1][-]{section*.27}{Component Diagram And Sequence Diagrams}{}% 26
\BOOKMARK [1][-]{section*.28}{Deployment Diagram}{}% 27
\BOOKMARK [1][-]{section*.29}{Our Conclusion}{}% 28
