\BOOKMARK [0][-]{chapter.1}{Who we are}{}% 1
\BOOKMARK [0][-]{chapter.2}{Our Homework}{}% 2
\BOOKMARK [0][-]{chapter.3}{Work Planning}{}% 3
\BOOKMARK [0][-]{chapter.4}{Study Of The Domain}{}% 4
\BOOKMARK [0][-]{chapter.5}{Our Vision Of The Domain}{}% 5
\BOOKMARK [0][-]{chapter.6}{Stakeholders \046 their System Required Features}{}% 6
\BOOKMARK [0][-]{chapter.7}{Use Cases Diagram}{}% 7
\BOOKMARK [1][-]{section.7.1}{Sampling Water Use Case}{chapter.7}% 8
\BOOKMARK [1][-]{section.7.2}{Send Water Samples To Analysis Center Use Case}{chapter.7}% 9
\BOOKMARK [1][-]{section.7.3}{Check Water Quality Use Case}{chapter.7}% 10
\BOOKMARK [1][-]{section.7.4}{StartUp Solution Protocol Use Case}{chapter.7}% 11
\BOOKMARK [1][-]{section.7.5}{Retrieve Water Information Use Case}{chapter.7}% 12
\BOOKMARK [0][-]{chapter.8}{Drowing-Up Of The Profile}{}% 13
\BOOKMARK [1][-]{section.8.1}{Water Sample Profile}{chapter.8}% 14
\BOOKMARK [1][-]{section.8.2}{Water Quality Supervisor Profile}{chapter.8}% 15
\BOOKMARK [1][-]{section.8.3}{Sample Supervisor Profile}{chapter.8}% 16
\BOOKMARK [1][-]{section.8.4}{Quality Control Supervisor Profile}{chapter.8}% 17
\BOOKMARK [1][-]{section.8.5}{Water Parameters Profile}{chapter.8}% 18
\BOOKMARK [1][-]{section.8.6}{Outgoing Water Quality Warning Profile}{chapter.8}% 19
\BOOKMARK [1][-]{section.8.7}{Inlet Water Quality Warning Profile}{chapter.8}% 20
\BOOKMARK [1][-]{section.8.8}{Magikarp Profile}{chapter.8}% 21
\BOOKMARK [1][-]{section.8.9}{SeaweedPicking Profile}{chapter.8}% 22
\BOOKMARK [1][-]{section.8.10}{Water Sampler Profile}{chapter.8}% 23
\BOOKMARK [1][-]{section.8.11}{Water Analyzer Profile}{chapter.8}% 24
\BOOKMARK [0][-]{chapter.9}{Our Purification System}{}% 25
\BOOKMARK [0][-]{chapter.10}{Component Diagram And Sequence Diagrams}{}% 26
\BOOKMARK [0][-]{chapter.11}{Deployment Diagram}{}% 27
\BOOKMARK [0][-]{chapter.12}{Our Conclusion}{}% 28
