(1)	MEASURE ControlCenterServerUtilization IS
(2)		ENABLED(CCS.send_wired_StartUpSampling_response) -> STATE_REWARD(1)
(3)		ENABLED(CCS.send_wired_CheckWater_response) -> STATE_REWARD(1)
(4)		ENABLED(CCS.send_wired_getExpectedParametersInland_request) -> STATE_REWARD(1)
(5)		ENABLED(CCS.send_wired_getExpectedParametersOutGoing_request) -> STATE_REWARD(1)
(6)		ENABLED(CCS.send_sample) -> STATE_REWARD(1)
(7)		ENABLED(CCS.send_StartUpSampling_request) -> STATE_REWARD(1);
(8)
(9)	MEASURE WaterCompanyServerUtilization IS
(10)		ENABLED(WCS.getExpectedParametersOutGoing_response) -> STATE_REWARD(1)
(11)		ENABLED(WCS.save_sample_Db) -> STATE_REWARD(1)
(12)		ENABLED(WCS.getExpectedParametersOutGoing_db_request) -> STATE_REWARD(1);
(13)
(14)	MEASURE WaterCompanyDiskUtilization IS
(15)		ENABLED(WCDISK.getExpectedParametersOutGoing_db_response) -> STATE_REWARD(1)
(16)		ENABLED(WCDISK.save_sample_response_ack) -> STATE_REWARD(1);
(17)
(18)	MEASURE SeaweedPickingINControlUnitUtilization IS
(19)		ENABLED(INCU.send_StartUpSampling_response) -> STATE_REWARD(1)
(20)		ENABLED(INCU.send_sample) -> STATE_REWARD(1)
(21)		ENABLED(INCU.send_sample_request) -> STATE_REWARD(1);
(22)
(23)	MEASURE SeaweedPickingOUTControlUnitUtilization IS
(24)		ENABLED(OUTCU.send_StartUpSampling_response) -> STATE_REWARD(1)
(25)		ENABLED(OUTCU.send_sample) -> STATE_REWARD(1)
(26)		ENABLED(OUTCU.send_sample_request) -> STATE_REWARD(1);
(27)
(28)	MEASURE PurificationSystemServerUtilization IS
(29)		ENABLED(PSS.getExpectedParametersInland_response) -> STATE_REWARD(1)

>>>> 0 errors
>>>> 0 warnings