(1)	MEASURE ControlCenterServerUtilization IS
(2)		ENABLED(CCS.send_wired_StartUpSampling_response) -> STATE_REWARD(1)
(3)		ENABLED(CCS.send_wired_CheckWater_response) -> STATE_REWARD(1)
(4)		ENABLED(CCS.send_wired_getExpectedParametersInland_request) -> STATE_REWARD(1)
(5)		ENABLED(CCS.send_wired_getExpectedParametersOutGoing_request) -> STATE_REWARD(1)
(6)		ENABLED(CCS.send_sample) -> STATE_REWARD(1)
(7)		ENABLED(CCS.send_StartUpSampling_in_request
--->		                                          ^Error: undefined action type
(7)		                                           ) -> STATE_REWARD(1)
(8)		ENABLED(CCS.send_StartUpSampling_out_request
--->		                                           ^Error: undefined action type
(8)		                                            ) -> STATE_REWARD(1);
(9)
(10)	MEASURE WaterCompanyServerUtilization IS
(11)		ENABLED(WCS.getExpectedParametersOutGoing_response) -> STATE_REWARD(1)
(12)		ENABLED(WCS.save_sample_Db) -> STATE_REWARD(1)
(13)		ENABLED(WCS.getExpectedParametersOutGoing_db_request) -> STATE_REWARD(1);
(14)
(15)	MEASURE WaterCompanyDiskUtilization IS
(16)		ENABLED(WCDISK.getExpectedParametersOutGoing_db_response) -> STATE_REWARD(1)
(17)		ENABLED(WCDISK.save_sample_response_ack) -> STATE_REWARD(1);
(18)
(19)	MEASURE SeaweedPickingINControlUnitUtilization IS
(20)		ENABLED(INCU.send_StartUpSampling_response) -> STATE_REWARD(1)
(21)		ENABLED(INCU.send_sample) -> STATE_REWARD(1)
(22)		ENABLED(INCU.send_sample_request) -> STATE_REWARD(1);
(23)
(24)	MEASURE SeaweedPickingOUTControlUnitUtilization IS
(25)		ENABLED(OUTCU.send_StartUpSampling_response) -> STATE_REWARD(1)
(26)		ENABLED(OUTCU.send_sample) -> STATE_REWARD(1)
(27)		ENABLED(OUTCU.send_sample_request) -> STATE_REWARD(1);
(28)
(29)	MEASURE PurificationSystemServerUtilization IS
(30)		ENABLED(PSS.getExpectedParametersInland_response) -> STATE_REWARD(1)

>>>> 2 errors
>>>> 0 warnings