(1)	% StartUp 
(2)	% Sample
(3)	% Check 
(4)
(5)	ARCHI_TYPE wcs(
(6)		const rate QSQualityControlApp_request_rate := 0.001, % 1/1000
(7)
(8)		const rate SampleWaterCompanyServer_rate := 0.322, % 1/3.1,
(9)		const rate CheckWaterCompanyServer_rate := 0.16, % 1/6.25,
(10)
(11)		const rate SampleWaterCompanyDisk_rate := 0.04, % 1/25,
(12)		const rate CheckWaterCompanyDisk_rate := 0.08, % 1/12.5,
(13)
(14)		const rate WiredConnectionUp_rate := 0.05, % 1/20,
(15)		const rate WiredConnectionDown_rate := 0.05, % 1/20,
(16)
(17)		const rate CCS_send_StartUpSampling_request_rate := 0.1913, % 1/5.25,  
(18)		const rate CCS_send_wired_StartUpSampling_response_rate := 0.1913, % 1/5.225, 
(19)
(20)		const rate CCS_send_wired_getExpectedParametersInland_request_rate := 3.33, % 1/3,
(21)		const rate CCS_send_wired_getExpectedParametersOutGoing_request_rate := 3.33, % 1/3,
(22)		const rate CCS_send_wired_CheckWaterInland_response_rate := 3.33, % 1/3,
(23)		const rate CCS_send_wired_CheckWaterOutGoing_response_rate := 3.33, % 1/0.3,
(24)		const weight CCS_CheckWaterInland_prob_request := 0.5, %probabilità di scelta Inland
(25)
(26)		const rate CCS_send_sample_rate := 0.089, % 1/11.2, 
(27)
(28)		const rate SPCU_send_StartUpSampling_response_rate := 0.0478, % 1/20.9,
(29)
(30)		const rate SPCU_send_sample_request_rate := 0.089, % 1/11.2, 
(31)		const rate SPCU_send_sample_rate := 0.089, % 1/11.2, 
(32)
(33)		const rate SPCU_delay_rate := 1, % 1/10000, %delay di campionamento
(34)
(35)		const rate WirelessConnectionUp_rate := 0.036, % 1/28,
(36)		const rate WirelessConnectionDown_rate := 0.036, % 1/28,
(37)
(38)		const rate SP_send_sample_response_rate := 62.5, % 1/0.016,
(39)
(40)		const rate InternetConnectionUp_rate := 0.29, % 1/35,
(41)		const rate InternetConnectionDown_rate := 0.29, % 1/35,
(42)
(43)		const rate PSS_getExpectedParametersInland_response_rate := 0.4348, % 1/2.3,
(44)
(45)		const integer sensors_num_IN := 1000,
(46)		const integer sensors_num_OUT := 1000
(47)	)
(48)
(49)	ARCHI_ELEM_TYPES
(50)
(51)		% Water Company Server
(52)
(53)		ELEM_TYPE WaterCompanyServer_Type(const rate SampleWaterCompanyServer_rate, const rate CheckWaterCompanyServer_rate)
(54)
(55)			BEHAVIOR
(56)
(57)				ServerCalled (void;void) =
(58)					choice{
(59)						<save_sample_request, _> . <save_sample_Db, exp(SampleWaterCompanyServer_rate)> . WaitingSaveSampleAck(),
(60)						<getExpectedParametersOutGoing_request, _> . <getExpectedParametersOutGoing_db_request, exp(CheckWaterCompanyServer_rate)> . WaitingParamsRequest()
(61)					};
(62)
(63)
(64)				WaitingParamsRequest (void;void) =
(65)					<getExpectedParametersOutGoing_db_response, _> . <getExpectedParametersOutGoing_response, inf> . ServerCalled();
(66)
(67)				WaitingSaveSampleAck (void;void) =
(68)					<save_sample_ack, _> . ServerCalled()
(69)
(70)
(71)			INPUT_INTERACTIONS
(72)
(73)				UNI save_sample_request;
(74)					getExpectedParametersOutGoing_request;
(75)					getExpectedParametersOutGoing_db_response;
(76)					save_sample_ack
(77)
(78)			OUTPUT_INTERACTIONS
(79)
(80)				UNI getExpectedParametersOutGoing_response;
(81)					save_sample_Db;
(82)					getExpectedParametersOutGoing_db_request
(83)
(84)
(85)
(86)		% Wired Connection Up
(87)
(88)		ELEM_TYPE WiredConnectionUp_Type(const rate WiredConnectionUp_rate)
(89)
(90)			BEHAVIOR
(91)
(92)				WiredCalled(void;void) =
(93)					choice{
(94)						<receive_qss_response, _> . <forward_qss, exp(WiredConnectionUp_rate)> . WiredCalled(),
(95)						<receive_params_response, _> . <forward_params_response, exp(WiredConnectionUp_rate)> . WiredCalled(),
(96)						<receive_qsqc_response, _> . <forward_qsqc, exp(WiredConnectionUp_rate)> . WiredCalled()
(97)					}
(98)
(99)
(100)			INPUT_INTERACTIONS
(101)
(102)				UNI receive_qss_response;
(103)					receive_params_response;
(104)					receive_qsqc_response
(105)
(106)			OUTPUT_INTERACTIONS
(107)
(108)				UNI forward_qss;
(109)					forward_params_response;
(110)					forward_qsqc
(111)
(112)
(113)
(114)			% Wired Connection Down
(115)
(116)			ELEM_TYPE WiredConnectionDown_Type(const rate WiredConnectionDown_rate)
(117)
(118)			BEHAVIOR
(119)
(120)				WiredCalled(void;void) =
(121)					choice{
(122)						<receive_qss_request, _> . <forward_qss, exp(WiredConnectionDown_rate)> . WiredCalled(),
(123)						<receive_params_request, _> . <forward_params_request, exp(WiredConnectionDown_rate)> . WiredCalled(),
(124)						<receive_qsqc_request, _> . <forward_qsqc, exp(WiredConnectionDown_rate)> . WiredCalled(),
(125)						<receive_save_sample_request, _> . <forward_save_sample_request, exp(WiredConnectionDown_rate)> . WiredCalled()
(126)					}
(127)
(128)
(129)			INPUT_INTERACTIONS
(130)
(131)				UNI receive_qss_request;
(132)					receive_params_request;
(133)					receive_qsqc_request;
(134)					receive_save_sample_request
(135)
(136)			OUTPUT_INTERACTIONS
(137)
(138)				UNI forward_qss;
(139)					forward_params_request;
(140)					forward_qsqc;
(141)					forward_save_sample_request
(142)
(143)
(144)
(145)			% Water Company Disk
(146)
(147)			ELEM_TYPE WaterCompanyDisk_Type(const rate SampleWaterCompanyDisk_rate, const rate CheckWaterCompanyDisk_rate)
(148)
(149)			BEHAVIOR
(150)
(151)				DiskCalled(void;void) =
(152)					choice{
(153)						<save_sample_Db, _> . <save_sample_response_ack, exp(SampleWaterCompanyDisk_rate)> . DiskCalled(), %invece dei underscore ci va il tempo del disco
(154)						<getExpectedParametersOutGoing_db_request, _> . <getExpectedParametersOutGoing_db_response, exp(CheckWaterCompanyDisk_rate)> . DiskCalled()
(155)					}
(156)
(157)
(158)			INPUT_INTERACTIONS
(159)
(160)				UNI save_sample_Db;
(161)					getExpectedParametersOutGoing_db_request
(162)
(163)			OUTPUT_INTERACTIONS
(164)
(165)				UNI getExpectedParametersOutGoing_db_response;
(166)					save_sample_response_ack
(167)
(168)
(169)
(170)
(171)			% QSSamplingApp
(172)
(173)			ELEM_TYPE QSSamplingApp_Type(void)
(174)
(175)			BEHAVIOR
(176)
(177)				AppCalled(void;void) =
(178)					<generate_sampling_request, inf> . <send_request, inf> . WaitForResponse();
(179)
(180)				WaitForResponse(void;void) =
(181)					<receive_response, _> . Idle(); %non deve fare più niente
(182)
(183)				Idle(void;void) =
(184)					stop
(185)
(186)			INPUT_INTERACTIONS
(187)
(188)				UNI generate_sampling_request;
(189)					receive_response
(190)
(191)			OUTPUT_INTERACTIONS
(192)
(193)				UNI send_request
(194)
(195)
(196)
(197)			% QSQualityControlApp
(198)
(199)			ELEM_TYPE QSQualityControlApp_Type(const rate QSQualityControlApp_request_rate)
(200)
(201)			BEHAVIOR
(202)
(203)				AppCalled(void;void) =
(204)					<generate_checkWaterQuality_request, exp(QSQualityControlApp_request_rate)> . <send_request, inf> . WaitForResponse();
(205)
(206)				WaitForResponse(void;void) =
(207)					<receive_response, _> . AppCalled()
(208)
(209)			INPUT_INTERACTIONS
(210)
(211)				UNI generate_checkWaterQuality_request;
(212)					receive_response
(213)
(214)			OUTPUT_INTERACTIONS
(215)
(216)				UNI send_request
(217)
(218)
(219)
(220)
(221)			%ControlCenterServer
(222)
(223)			ELEM_TYPE ControlCenterServer_Type(const rate CCS_send_StartUpSampling_request_rate,  const weight CCS_CheckWaterInland_prob_request,
(224)				const rate CCS_send_wired_getExpectedParametersInland_request_rate, const rate CCS_send_wired_getExpectedParametersOutGoing_request_rate,
(225)				const rate CCS_send_wired_StartUpSampling_response_rate, const rate CCS_send_sample_rate, const rate CCS_send_wired_CheckWaterInland_response_rate,
(226)				const rate CCS_send_wired_CheckWaterOutGoing_response_rate)
(227)
(228)			BEHAVIOR
(229)
(230)				ServerCalled(void;void) =
(231)					choice{
(232)						<receive_wired_StartUpSampling_request, _> . <send_StartUpSampling_request, exp(CCS_send_StartUpSampling_request_rate)> .WaitingStartUpSampling(),
(233)						<receive_sample, _> . <send_sample, exp(CCS_send_sample_rate)> . ServerCalled(),
(234)						<receive_wired_CheckWater_request, _> .
(235)							choice{
(236)								<inLand, inf(1, CCS_CheckWaterInland_prob_request)> . <send_wired_getExpectedParametersInland_request, exp(CCS_send_wired_getExpectedParametersInland_request_rate)> . WaitingForInParameters(),
(237)								<outGoing, inf(1, 1 - CCS_CheckWaterInland_prob_request)> . <send_wired_getExpectedParametersOutGoing_request, exp(CCS_send_wired_getExpectedParametersOutGoing_request_rate)> . WaitingForOutParameters()
(238)
(239)							}
(240)				};
(241)
(242)				WaitingStartUpSampling(void;void) =
(243)					<receive_StartUpSampling_response, _> . <send_wired_StartUpSampling_response, exp(CCS_send_wired_StartUpSampling_response_rate)> .ServerCalled();
(244)
(245)				WaitingForInParameters(void;void) =
(246)					<receive_wired_getExpectedParametersInland_response, _> . <send_wired_CheckWater_response, exp(CCS_send_wired_CheckWaterInland_response_rate)> .ServerCalled();
(247)
(248)				WaitingForOutParameters(void;void) =
(249)					<receive_wired_getExpectedParametersOutGoing_response, _> . <send_wired_CheckWater_response, exp(CCS_send_wired_CheckWaterOutGoing_response_rate)> . ServerCalled()
(250)
(251)
(252)			INPUT_INTERACTIONS
(253)
(254)				UNI receive_wired_StartUpSampling_request;
(255)					receive_wired_CheckWater_request;
(256)					receive_wired_getExpectedParametersInland_response;
(257)					receive_wired_getExpectedParametersOutGoing_response
(258)
(259)				OR  receive_StartUpSampling_response;
(260)					receive_sample
(261)
(262)			OUTPUT_INTERACTIONS
(263)
(264)				UNI send_wired_StartUpSampling_response;
(265)					send_wired_CheckWater_response;
(266)					send_wired_getExpectedParametersInland_request;
(267)					send_wired_getExpectedParametersOutGoing_request;
(268)					send_sample
(269)
(270)				OR 	send_StartUpSampling_request
(271)
(272)
(273)
(274)			% SeaweedPickingControlUnit 
(275)
(276)			ELEM_TYPE SeaweedPickingControlUnit_Type(const rate SPCU_send_StartUpSampling_response_rate, const rate SPCU_send_sample_request_rate,
(277)				const rate SPCU_send_sample_rate, const rate SPCU_delay_rate, const integer sensors_num)
(278)
(279)			BEHAVIOR
(280)
(281)				ControlUnitCalled(void;void) =
(282)					<receive_StartUpSampling_request, _> . <send_StartUpSampling_response, exp(SPCU_send_StartUpSampling_response_rate)> . Sampling();
(283)
(284)				Sampling(void;void) =
(285)					<send_sample_request, exp(SPCU_send_sample_request_rate)> . WaitingSample();
(286)
(287)				WaitingSample(void;void) =
(288)					<receive_sample_response, _> . <send_sample, exp(SPCU_send_sample_rate)> . Delay();
(289)
(290)				Delay(void;void) =
(291)					<delay, exp(SPCU_delay_rate * sensors_num)> . Sampling()
(292)
(293)
(294)			INPUT_INTERACTIONS
(295)
(296)				UNI receive_StartUpSampling_request;
(297)					receive_sample_response
(298)
(299)			OUTPUT_INTERACTIONS
(300)
(301)				UNI send_StartUpSampling_response;
(302)					send_sample;
(303)					send_sample_request
(304)
(305)			% WirelessConnectionUp
(306)
(307)			ELEM_TYPE WirelessConnectionUp_Type(const rate WirelessConnectionUp_rate)
(308)
(309)			BEHAVIOR
(310)
(311)				TransferData(void;void) =
(312)					choice{
(313)						<receive_outcu_request, _> . <forward_outcu, exp(WirelessConnectionUp_rate)> . TransferData(),
(314)						<receive_incu_request, _> . <forward_incu, exp(WirelessConnectionUp_rate)> . TransferData()
(315)					}
(316)
(317)
(318)			INPUT_INTERACTIONS
(319)
(320)				UNI receive_outcu_request;
(321)					receive_incu_request
(322)
(323)
(324)
(325)			OUTPUT_INTERACTIONS
(326)
(327)				UNI forward_incu;
(328)					forward_outcu
(329)
(330)
(331)			% WirelessConnectionDown
(332)
(333)			ELEM_TYPE WirelessConnectionDown_Type(const rate WirelessConnectionDown_rate)
(334)
(335)			BEHAVIOR
(336)
(337)				TransferData(void;void) =
(338)					choice{
(339)						<receive_outcu_request, _> . <forward_outcu, exp(WirelessConnectionDown_rate)> . TransferData(),
(340)						<receive_incu_request, _> . <forward_incu, exp(WirelessConnectionDown_rate)> . TransferData()
(341)					}
(342)
(343)
(344)
(345)			INPUT_INTERACTIONS
(346)
(347)				UNI receive_incu_request;
(348)					receive_outcu_request
(349)
(350)
(351)			OUTPUT_INTERACTIONS
(352)
(353)				AND forward_incu;
(354)					forward_outcu
(355)
(356)
(357)
(358)			% SeaweedPicking
(359)
(360)			ELEM_TYPE SeaweedPicking_Type(const rate SP_send_sample_response_rate)
(361)
(362)			BEHAVIOR
(363)
(364)				SeaweedPickingCalled(void;void) =
(365)					<receive_sample_request, _> . <send_sample_response, exp(SP_send_sample_response_rate)> . SeaweedPickingCalled()
(366)
(367)
(368)
(369)			INPUT_INTERACTIONS
(370)
(371)				UNI receive_sample_request
(372)
(373)			OUTPUT_INTERACTIONS
(374)
(375)				UNI send_sample_response
(376)
(377)
(378)
(379)
(380)			% InternetConnectionDown
(381)
(382)			ELEM_TYPE InternetConnectionDown_Type(const rate InternetConnectionDown_rate)
(383)
(384)			BEHAVIOR
(385)
(386)				TransferData(void;void) =
(387)					choice{
(388)						<receive_save_sample_request, _> . <forward_save_sample, exp(InternetConnectionDown_rate)> . TransferData(),
(389)						<receive_pss_params_request, _> . <forward_pss_params, exp(InternetConnectionDown_rate)> . TransferData(),
(390)						<receive_WCS_params_request, _> . <forward_WCS_params, exp(InternetConnectionDown_rate)> . TransferData()
(391)					}
(392)
(393)
(394)
(395)
(396)			INPUT_INTERACTIONS
(397)
(398)				UNI receive_pss_params_request;
(399)					receive_save_sample_request;
(400)					receive_WCS_params_request
(401)
(402)
(403)			OUTPUT_INTERACTIONS
(404)
(405)				UNI forward_pss_params;
(406)					forward_save_sample;
(407)					forward_WCS_params
(408)
(409)
(410)
(411)			% InternetConnectionUP
(412)
(413)			ELEM_TYPE InternetConnectionUP_Type(const rate InternetConnectionUp_rate)
(414)
(415)			BEHAVIOR
(416)
(417)				TransferData(void;void) =
(418)					choice{
(419)						<receive_pss_params, _> . <forward_pss_params, exp(InternetConnectionUp_rate)> . TransferData(),
(420)						<receive_WCS_params, _> . <forward_WCS_params, exp(InternetConnectionUp_rate)> . TransferData()
(421)					}
(422)
(423)			INPUT_INTERACTIONS
(424)
(425)				UNI receive_pss_params;
(426)					receive_WCS_params
(427)
(428)			OUTPUT_INTERACTIONS
(429)
(430)				UNI forward_pss_params;
(431)					forward_WCS_params
(432)
(433)
(434)
(435)			% PurificationSystemServer
(436)
(437)			ELEM_TYPE PurificationSystemServer_Type(const rate PSS_getExpectedParametersInland_response_rate)
(438)
(439)			BEHAVIOR
(440)
(441)				ServerCalled(void;void) =
(442)
(443)					<getExpectedParametersInland_request, _> . <getExpectedParametersInland_response, exp(PSS_getExpectedParametersInland_response_rate)> . ServerCalled()
(444)
(445)
(446)			INPUT_INTERACTIONS
(447)
(448)				UNI getExpectedParametersInland_request
(449)
(450)
(451)
(452)			OUTPUT_INTERACTIONS
(453)
(454)				UNI getExpectedParametersInland_response
(455)
(456)
(457)
(458)
(459)	ARCHI_TOPOLOGY
(460)
(461)		ARCHI_ELEM_INSTANCES
(462)			WCS : WaterCompanyServer_Type(SampleWaterCompanyServer_rate, CheckWaterCompanyServer_rate);
(463)			WCU: WiredConnectionUp_Type(WiredConnectionUp_rate);
(464)			WCD : WiredConnectionDown_Type(WiredConnectionDown_rate);
(465)			WCDISK : WaterCompanyDisk_Type(SampleWaterCompanyDisk_rate, CheckWaterCompanyDisk_rate);
(466)			QSS : QSSamplingApp_Type();
(467)			QSQC : QSQualityControlApp_Type(QSQualityControlApp_request_rate);
(468)			CCS : ControlCenterServer_Type(CCS_send_StartUpSampling_request_rate, CCS_CheckWaterInland_prob_request, CCS_send_wired_getExpectedParametersInland_request_rate,
(469)				CCS_send_wired_getExpectedParametersOutGoing_request_rate, CCS_send_wired_StartUpSampling_response_rate, CCS_send_sample_rate, CCS_send_wired_CheckWaterInland_response_rate,
(470)				CCS_send_wired_CheckWaterOutGoing_response_rate);
(471)			INCU : SeaweedPickingControlUnit_Type(SPCU_send_StartUpSampling_response_rate, SPCU_send_sample_request_rate, SPCU_send_sample_rate, SPCU_delay_rate, sensors_num_IN);
(472)			OUTCU : SeaweedPickingControlUnit_Type(SPCU_send_StartUpSampling_response_rate, SPCU_send_sample_request_rate, SPCU_send_sample_rate, SPCU_delay_rate, sensors_num_OUT);
(473)			WLCU : WirelessConnectionUp_Type(WirelessConnectionUp_rate);
(474)			WLCD : WirelessConnectionDown_Type(WirelessConnectionDown_rate);
(475)			ICD : InternetConnectionDown_Type(InternetConnectionDown_rate);
(476)			ICU : InternetConnectionUP_Type(InternetConnectionUp_rate);
(477)			PSS : PurificationSystemServer_Type(PSS_getExpectedParametersInland_response_rate);
(478)
(479)			SPIN : SeaweedPicking_Type(SP_send_sample_response_rate);
(480)
(481)			SPOUT : SeaweedPicking_Type(SP_send_sample_response_rate)
(482)
(483)
(484)		ARCHI_INTERACTIONS
(485)
(486)			QSS.generate_sampling_request;
(487)			QSQC.generate_checkWaterQuality_request
(488)
(489)		ARCHI_ATTACHMENTS
(490)
(491)		FROM QSS.send_request 														TO WCD.receive_qss_request;
(492)		FROM QSQC.send_request 														TO WCD.receive_qsqc_request;
(493)		FROM WCU.forward_qss 														TO QSS.receive_response;
(494)		FROM WCU.forward_qsqc														TO QSQC.receive_response;
(495)		FROM WCD.forward_qss 														TO CCS.receive_wired_StartUpSampling_request;
(496)		FROM WCD.forward_qsqc														TO CCS.receive_wired_CheckWater_request;
(497)		FROM CCS.send_wired_StartUpSampling_response  								TO WCU.receive_qss_response;
(498)		FROM CCS.send_wired_CheckWater_response 									TO WCU.receive_qsqc_response;
(499)		FROM CCS.send_wired_getExpectedParametersInland_request						TO ICD.receive_pss_params_request;
(500)		FROM CCS.send_wired_getExpectedParametersOutGoing_request 					TO ICD.receive_WCS_params_request;
(501)		FROM CCS.send_sample 														TO ICD.receive_save_sample_request;
(502)		FROM CCS.send_StartUpSampling_request 										TO INCU.receive_StartUpSampling_request; % Controllare se si fa così
(503)		FROM CCS.send_StartUpSampling_request 										TO OUTCU.receive_StartUpSampling_request;
(504)		FROM INCU.send_StartUpSampling_response 									TO CCS.receive_StartUpSampling_response;
(505)		FROM INCU.send_sample 														TO CCS.receive_sample;
(506)		FROM INCU.send_sample_request 												TO WLCD.receive_incu_request;
(507)		FROM OUTCU.send_StartUpSampling_response 									TO CCS.receive_StartUpSampling_response;
(508)		FROM OUTCU.send_sample 														TO CCS.receive_sample;
(509)		FROM OUTCU.send_sample_request 												TO WLCD.receive_outcu_request;
(510)		FROM WLCU.forward_incu 														TO INCU.receive_sample_response;
(511)		FROM WLCU.forward_outcu 													TO OUTCU.receive_sample_response;
(512)		FROM ICD.forward_pss_params 												TO PSS.getExpectedParametersInland_request;
(513)		FROM ICD.forward_save_sample 												TO WCS.save_sample_request;
(514)		FROM ICD.forward_WCS_params 												TO WCS.getExpectedParametersOutGoing_request;
(515)		FROM ICU.forward_pss_params 												TO CCS.receive_wired_getExpectedParametersInland_response;
(516)		FROM ICU.forward_WCS_params 												TO CCS.receive_wired_getExpectedParametersOutGoing_response;
(517)		FROM PSS.getExpectedParametersInland_response 								TO ICU.receive_pss_params;
(518)		FROM WCS.getExpectedParametersOutGoing_response 							TO ICU.receive_WCS_params;
(519)		FROM WCS.save_sample_Db 													TO WCD.receive_save_sample_request;
(520)		FROM WCS.getExpectedParametersOutGoing_db_request 							TO WCD.receive_params_request;
(521)		FROM WCU.forward_params_response											TO WCS.getExpectedParametersOutGoing_db_response;
(522)		FROM WCD.forward_save_sample_request										TO WCDISK.save_sample_Db;
(523)		FROM WCD.forward_params_request												TO WCDISK.getExpectedParametersOutGoing_db_request;
(524)		FROM WCDISK.getExpectedParametersOutGoing_db_response  						TO WCU.receive_params_response;
(525)		FROM WLCD.forward_incu 														TO SPIN.receive_sample_request;
(526)		FROM WLCD.forward_outcu 													TO SPOUT.receive_sample_request;
(527)		FROM SPIN.send_sample_response 												TO WLCU.receive_incu_request;
(528)		FROM SPOUT.send_sample_response 											TO WLCU.receive_outcu_request;
(529)
(530)		FROM WCDISK.save_sample_response_ack										TO WCS.save_sample_ack
(531)
(532)	END

>>>> 0 errors
>>>> 0 warnings