(1)
(2)	% StartUp 
(3)	% Sample
(4)	% Check 
(5)
(6)	ARCHI_TYPE wcs(
(7)
(8)		const rate SampleWaterCompanyServer_rate := 0.000355,
(9)		const rate StartUpWaterCompanyServer_rate := 0.84,
(10)		const rate CheckWaterCompanyServer_rate := 0.625,
(11)		const rate SampleWaterCompanyDisk_rate := 0.025,
(12)		const rate StartUpWaterCompanyDisk_rate := 25,
(13)		const rate CheckWaterCompanyDisk_rate := 12.5,
(14)		const rate WiredConnectionUp_rate := 0.02,
(15)		const rate WiredConnectionDown_rate := 0.02
(16)	)
(17)
(18)	ARCHI_ELEM_TYPES
(19)
(20)		% Water Company Server
(21)
(22)		ELEM_TYPE WaterCompanyServer_Type(const rate SampleWaterCompanyServer_rate, const rate CheckWaterCompanyServer_rate)
(23)
(24)			BEHAVIOR
(25)
(26)				ServerCalled (void;void) =
(27)					choice{
(28)						<save_sample_request, _> . <save_sample_Db, exp(SampleWaterCompanyServer_rate)> . ServerCalled(),
(29)						<getExpectedParametersOutGoing_request, _> . <getExpectedParametersOutGoing_db_request, exp(CheckWaterCompanyServer_rate)> . WaitingParamsRequest()
(30)					};
(31)
(32)
(33)				WaitingParamsRequest (void;void) =
(34)					<getExpectedParametersOutGoing_db_response, _> . <getExpectedParametersOutGoing_response, inf> . ServerCalled()
(35)
(36)
(37)			INPUT_INTERACTIONS
(38)
(39)				UNI save_sample_request;
(40)					getExpectedParametersOutGoing_request;
(41)					getExpectedParametersOutGoing_db_response
(42)
(43)			OUTPUT_INTERACTIONS
(44)
(45)				UNI getExpectedParametersOutGoing_response;
(46)					save_sample_Db;
(47)					getExpectedParametersOutGoing_db_request
(48)
(49)
(50)
(51)		% Wired Connection Up
(52)
(53)		ELEM_TYPE WiredConnectionUp_Type(const rate WiredConnectionUp_rate)
(54)
(55)			BEHAVIOR
(56)
(57)				WiredCalled(void;void) =
(58)					choice{
(59)						<receive_qss_response, _> . <forward_qss, exp(WiredConnectionUp_rate)> . WiredCalled(),
(60)						<receive_params_response, _> . <forward_params_response, exp(WiredConnectionUp_rate)> . WiredCalled(),
(61)						<receive_qsqc_response, _> . <forward_qsqc, exp(WiredConnectionUp_rate)> . WiredCalled()
(62)					}
(63)
(64)
(65)			INPUT_INTERACTIONS
(66)
(67)				UNI receive_qss_response;
(68)					receive_params_response;
(69)					receive_qsqc_response
(70)
(71)			OUTPUT_INTERACTIONS
(72)
(73)				UNI forward_qss;
(74)					forward_params_response;
(75)					forward_qsqc
(76)
(77)
(78)			% Wired Connection Down
(79)
(80)			ELEM_TYPE WiredConnectionDown_Type(const rate WiredConnectionDown_rate)
(81)
(82)			BEHAVIOR
(83)
(84)				WiredCalled(void;void) =
(85)					choice{
(86)						<receive_qss_request, _> . <forward_qss, exp(WiredConnectionDown_rate)> . WiredCalled(),
(87)						<receive_params_request, _> . <forward_params_request, exp(WiredConnectionDown_rate)> . WiredCalled(),
(88)						<receive_qsqc_request, _> . <forward_qsqc, exp(WiredConnectionDown_rate)> . WiredCalled(),
(89)						<receive_save_sample_request, _> . <forward_save_sample_request, exp(WiredConnectionDown_rate)> . WiredCalled()
(90)					}
(91)
(92)
(93)			INPUT_INTERACTIONS
(94)
(95)				UNI receive_qss_request;
(96)					receive_params_request;
(97)					receive_qsqc_request;
(98)					receive_save_sample_request
(99)
(100)			OUTPUT_INTERACTIONS
(101)
(102)				UNI forward_qss;
(103)					forward_params_request;
(104)					forward_qsqc;
(105)					forward_save_sample_request
(106)
(107)
(108)			% Water Company Disk
(109)
(110)			ELEM_TYPE WaterCompanyDisk_Type(const rate SampleWaterCompanyDisk_rate, const rate CheckWaterCompanyDisk_rate)
(111)
(112)			BEHAVIOR
(113)
(114)				DiskCalled(void;void) =
(115)					choice{
(116)						<save_sample_Db, _> . DiskCalled(), %invece dei underscore ci va il tempo del disco
(117)						<getExpectedParametersOutGoing_db_request, _> . <getExpectedParametersOutGoing_db_response, exp(CheckWaterCompanyDisk_rate)> . DiskCalled()
(118)					}
(119)
(120)
(121)			INPUT_INTERACTIONS
(122)
(123)				UNI save_sample_Db;
(124)					getExpectedParametersOutGoing_db_request
(125)
(126)			OUTPUT_INTERACTIONS
(127)
(128)				UNI getExpectedParametersOutGoing_db_response
(129)
(130)
(131)
(132)
(133)	ARCHI_TOPOLOGY
(134)
(135)		ARCHI_ELEM_INSTANCES
(136)			WCS : WaterCompanyServer_Type(SampleWaterCompanyServer_rate, CheckWaterCompanyServer_rate);
(137)			WCWCU : WiredConnectionUp_Type(WiredConnectionUp_rate);
(138)			WCWCD : WiredConnectionDown_Type(WiredConnectionDown_rate);
(139)			WCD : WaterCompanyDisk_Type(SampleWaterCompanyDisk_rate, CheckWaterCompanyDisk_rate)
(140)
(141)
(142)
(143)		ARCHI_INTERACTIONS
(144)
(145)			WCS.save_sample_request;
(146)			WCS.getExpectedParametersOutGoing_request
(147)
(148)
(149)		ARCHI_ATTACHMENTS
(150)
(151)		FROM WCS.save_sample_Db 							TO WCWCD.receive_save_sample_request;
(152)		FROM WCS.getExpectedParametersOutGoing_db_request 	TO WCWCD.receive_params_request;
(153)		FROM WCWCU.forward_params_response					TO WCS.getExpectedParametersOutGoing_db_response;
(154)		FROM WCWCD.forward_save_sample_request				TO WCD.save_sample_Db;
(155)		FROM WCWCD.forward_params_request					TO WCD.getExpectedParametersOutGoing_db_request;
(156)		FROM WCD.getExpectedParametersOutGoing_db_response  TO WCWCU.receive_params_response
(157)
(158)	END


Warning: the interaction WCS.getExpectedParametersOutGoing_response does not occur in any attachment

Warning: the formal parameter identifier StartUpWaterCompanyDisk_rate is not used

Warning: the formal parameter identifier WaterCompanyDisk_Type.SampleWaterCompanyDisk_rate is not used

Warning: the interaction WCWCD.forward_qsqc does not occur in any attachment

Warning: the interaction WCWCD.receive_qsqc_request does not occur in any attachment

Warning: the interaction WCWCD.forward_qss does not occur in any attachment

Warning: the interaction WCWCD.receive_qss_request does not occur in any attachment

Warning: the interaction WCWCU.forward_qsqc does not occur in any attachment

Warning: the interaction WCWCU.receive_qsqc_response does not occur in any attachment

Warning: the interaction WCWCU.forward_qss does not occur in any attachment

Warning: the interaction WCWCU.receive_qss_response does not occur in any attachment

Warning: the formal parameter identifier StartUpWaterCompanyServer_rate is not used


>>>> 0 errors
>>>> 12 warnings