\BOOKMARK [0][-]{chapter.1}{Our Homework}{}% 1
\BOOKMARK [0][-]{chapter.2}{Work Planning}{}% 2
\BOOKMARK [0][-]{chapter.3}{Light Rework On Our UML Model}{}% 3
\BOOKMARK [1][-]{section.3.1}{Wired Connection Profile}{chapter.3}% 4
\BOOKMARK [1][-]{section.3.2}{Internet Connection Profile}{chapter.3}% 5
\BOOKMARK [1][-]{section.3.3}{Wireless Connection Profile}{chapter.3}% 6
\BOOKMARK [1][-]{section.3.4}{Internal Connection Profile}{chapter.3}% 7
\BOOKMARK [1][-]{section.3.5}{Control Unit Profile}{chapter.3}% 8
\BOOKMARK [0][-]{chapter.4}{Use Cases Decision}{}% 9
\BOOKMARK [0][-]{chapter.5}{Identification Of Performance Requirements}{}% 10
\BOOKMARK [0][-]{chapter.6}{Development Of Component Diagram Into Deployment Diagram}{}% 11
\BOOKMARK [0][-]{chapter.7}{Model WCS With Execution Graphs}{}% 12
\BOOKMARK [1][-]{section.7.1}{Demand Vector}{chapter.7}% 13
\BOOKMARK [0][-]{chapter.8}{Queueing Network Model}{}% 14
\BOOKMARK [0][-]{chapter.9}{Parameterization}{}% 15
\BOOKMARK [0][-]{chapter.10}{Queueing Network Solving And BottleNeckAnaliysis}{}% 16
\BOOKMARK [1][-]{section.10.1}{Refactoring}{chapter.10}% 17
\BOOKMARK [0][-]{chapter.11}{AEmilia Model}{}% 18
\BOOKMARK [1][-]{section.11.1}{Work Planning}{chapter.11}% 19
\BOOKMARK [1][-]{section.11.2}{Aemilia Flow Graph}{chapter.11}% 20
\BOOKMARK [1][-]{section.11.3}{Aemilia State Diagram}{chapter.11}% 21
\BOOKMARK [1][-]{section.11.4}{Implementation Of The Model}{chapter.11}% 22
\BOOKMARK [2][-]{subsection.11.4.1}{Two Towers's Performance Evaluator limits}{section.11.4}% 23
\BOOKMARK [2][-]{subsection.11.4.2}{Implementation Code}{section.11.4}% 24
\BOOKMARK [1][-]{section.11.5}{Test And Analysis Of Results}{chapter.11}% 25
\BOOKMARK [2][-]{subsection.11.5.1}{Bottelneck Test}{section.11.5}% 26
\BOOKMARK [2][-]{subsection.11.5.2}{Another Modeling Attempt}{section.11.5}% 27
\BOOKMARK [0][-]{chapter.12}{Our Conclusion}{}% 28
